#===============================================================================
# Copyright 2012-2017 Intel Corporation All Rights Reserved.
#
# The source code,  information  and material  ("Material") contained  herein is
# owned by Intel Corporation or its  suppliers or licensors,  and  title to such
# Material remains with Intel  Corporation or its  suppliers or  licensors.  The
# Material  contains  proprietary  information  of  Intel or  its suppliers  and
# licensors.  The Material is protected by  worldwide copyright  laws and treaty
# provisions.  No part  of  the  Material   may  be  used,  copied,  reproduced,
# modified, published,  uploaded, posted, transmitted,  distributed or disclosed
# in any way without Intel's prior express written permission.  No license under
# any patent,  copyright or other  intellectual property rights  in the Material
# is granted to  or  conferred  upon  you,  either   expressly,  by implication,
# inducement,  estoppel  or  otherwise.  Any  license   under such  intellectual
# property rights must be express and approved by Intel in writing.
#
# Unless otherwise agreed by Intel in writing,  you may not remove or alter this
# notice or  any  other  notice   embedded  in  Materials  by  Intel  or Intel's
# suppliers or licensors in any way.
#===============================================================================

SOLVERS_EE_SPARSE = dexample_sparse_c cexample_sparse_c sexample_sparse_c zexample_sparse_c 
SOLVERS_EE_BANDED = dexample_banded_c cexample_banded_c sexample_banded_c zexample_banded_c
SOLVERS_EE_DENSE = dexample_dense_c cexample_dense_c sexample_dense_c zexample_dense_c
SOLVERS_EE_SPARSE_RCI = dexample_sparse_rci_c cexample_sparse_rci_c sexample_sparse_rci_c zexample_sparse_rci_c

SOLVERS_EE = $(SOLVERS_EE_SPARSE) $(SOLVERS_EE_DENSE) $(SOLVERS_EE_BANDED) $(SOLVERS_EE_SPARSE_RCI)
