#===============================================================================
# Copyright 2005-2017 Intel Corporation All Rights Reserved.
#
# The source code,  information  and material  ("Material") contained  herein is
# owned by Intel Corporation or its  suppliers or licensors,  and  title to such
# Material remains with Intel  Corporation or its  suppliers or  licensors.  The
# Material  contains  proprietary  information  of  Intel or  its suppliers  and
# licensors.  The Material is protected by  worldwide copyright  laws and treaty
# provisions.  No part  of  the  Material   may  be  used,  copied,  reproduced,
# modified, published,  uploaded, posted, transmitted,  distributed or disclosed
# in any way without Intel's prior express written permission.  No license under
# any patent,  copyright or other  intellectual property rights  in the Material
# is granted to  or  conferred  upon  you,  either   expressly,  by implication,
# inducement,  estoppel  or  otherwise.  Any  license   under such  intellectual
# property rights must be express and approved by Intel in writing.
#
# Unless otherwise agreed by Intel in writing,  you may not remove or alter this
# notice or  any  other  notice   embedded  in  Materials  by  Intel  or Intel's
# suppliers or licensors in any way.
#===============================================================================

VML =                                                                          \
      vssin vdsin vscos vdcos vstan vdtan vssincos vdsincos                    \
      vsexp vdexp vsln vdln vslog10 vdlog10 vspow vdpow vssqrt vdsqrt          \
      vspowx vdpowx vscbrt vdcbrt vsinvsqrt vdinvsqrt                          \
      vsinvcbrt vdinvcbrt vsinv vdinv vsdiv vddiv vserf vderf                  \
      vssinh vdsinh vscosh vdcosh vstanh vdtanh vserfc vderfc                  \
      vsasinh vdasinh vsacosh vdacosh vsatanh vdatanh                          \
      vsasin vdasin vsacos vdacos vsatan vdatan vsatan2 vdatan2                \
      vshypot vdhypot vserfinv vderfinv vserfcinv vderfcinv                    \
      vscdfnorm vdcdfnorm vscdfnorminv vdcdfnorminv                            \
      vsfloor vdfloor vsceil vdceil vstrunc vdtrunc vsround vdround            \
      vsrint vdrint vsnearbyint vdnearbyint vsmodf vdmodf vsfrac vdfrac        \
      vspacki vdpacki vspackv vdpackv vspackm vdpackm                          \
      vcpacki vzpacki vcpackv vzpackv vcpackm vzpackm                          \
      vsunpacki vdunpacki vsunpackv vdunpackv vsunpackm vdunpackm              \
      vcunpacki vzunpacki vcunpackv vzunpackv vcunpackm vzunpackm              \
      vssub vsadd vsmul vsabs vssqr vslog1p vspow3o2 vspow2o3 vsexpm1          \
      vdsub vdadd vdmul vdabs vdsqr vdlog1p vdpow3o2 vdpow2o3 vdexpm1          \
      vcsin vzsin vccos vzcos vctan vztan                                      \
      vcexp vzexp vcln vzln vclog10 vzlog10 vcpow vzpow vcsqrt vzsqrt          \
      vcpowx vzpowx                                                            \
      vcsinh vzsinh vccosh vzcosh vctanh vztanh                                \
      vcasinh vzasinh vcacosh vzacosh vcatanh vzatanh                          \
      vcasin vzasin vcacos vzacos vcatan vzatan                                \
      vcsub vcadd vcmul vcabs vcdiv vcconj vcmulbyconj vccis vcarg             \
      vzsub vzadd vzmul vzabs vzdiv vzconj vzmulbyconj vzcis vzarg             \
      vslgamma vdlgamma vstgamma vdtgamma                                      \
      vdexpint1 vsexpint1                                                      \
      mode errstatus callback vslinearfrac vdlinearfrac
