#===============================================================================
# Copyright 2015-2017 Intel Corporation All Rights Reserved.
#
# The source code,  information  and material  ("Material") contained  herein is
# owned by Intel Corporation or its  suppliers or licensors,  and  title to such
# Material remains with Intel  Corporation or its  suppliers or  licensors.  The
# Material  contains  proprietary  information  of  Intel or  its suppliers  and
# licensors.  The Material is protected by  worldwide copyright  laws and treaty
# provisions.  No part  of  the  Material   may  be  used,  copied,  reproduced,
# modified, published,  uploaded, posted, transmitted,  distributed or disclosed
# in any way without Intel's prior express written permission.  No license under
# any patent,  copyright or other  intellectual property rights  in the Material
# is granted to  or  conferred  upon  you,  either   expressly,  by implication,
# inducement,  estoppel  or  otherwise.  Any  license   under such  intellectual
# property rights must be express and approved by Intel in writing.
#
# Unless otherwise agreed by Intel in writing,  you may not remove or alter this
# notice or  any  other  notice   embedded  in  Materials  by  Intel  or Intel's
# suppliers or licensors in any way.
#===============================================================================

SPBLAS = $(SPBLAS_S) $(SPBLAS_D) $(SPBLAS_C) $(SPBLAS_Z) $(SPBLAS_IE_D)

SPBLAS_S = cspblas_sbsr cspblas_scoo cspblas_scsc cspblas_scsr sdia sdia_trans sconverters
SPBLAS_D = cspblas_dbsr cspblas_dcoo cspblas_dcsc cspblas_dcsr dconverters sparse_spmm sparse_spmmd
SPBLAS_C = cspblas_cbsr cspblas_ccoo cspblas_ccsc cspblas_ccsr cconverters
SPBLAS_Z = cspblas_zbsr cspblas_zcoo cspblas_zcsc cspblas_zcsr zconverters
SPBLAS_IE_D = solver_cg sparse_bsr sparse_csr sparse_csrmv sparse_trsv
